# JRE version: OpenJDK Runtime Environment Temurin-17.0.13+11 (17.0.13+11) (build 17.0.13+11)
# Java VM: OpenJDK 64-Bit Server VM Temurin-17.0.13+11 (17.0.13+11, mixed mode, tiered, compressed oops, compressed class ptrs, parallel gc, windows-amd64)
GC Precious Log:
 CPUs: 8 total, 8 available
 Memory: 3738M
 Large Page Support: Disabled
 NUMA Support: Disabled
 Compressed Oops: Enabled (32-bit)
 Alignments: Space 512K, Generation 512K, Heap 2M
 Heap Min Capacity: 100M
 Heap Initial Capacity: 100M
 Heap Max Capacity: 1G
 Pre-touch: Disabled
 Parallel Workers: 8
Heap:
 PSYoungGen      total 23552K, used 16757K [0x00000000eab00000, 0x00000000ec680000, 0x0000000100000000)
  eden space 20992K, 70% used [0x00000000eab00000,0x00000000eb95d5a8,0x00000000ebf80000)
  from space 2560K, 80% used [0x00000000ec400000,0x00000000ec600010,0x00000000ec680000)
  to   space 3072K, 0% used [0x00000000ec080000,0x00000000ec080000,0x00000000ec380000)
 ParOldGen       total 68608K, used 31010K [0x00000000c0000000, 0x00000000c4300000, 0x00000000eab00000)
  object space 68608K, 45% used [0x00000000c0000000,0x00000000c1e48b50,0x00000000c4300000)
 Metaspace       used 47497K, committed 48320K, reserved 1114112K
  class space    used 4784K, committed 5184K, reserved 1048576K
GC Heap History (20 events):
Event: 243.594 GC heap before
{Heap before GC invocations=16 (full 2):
 PSYoungGen      total 23040K, used 23024K [0x00000000eab00000, 0x00000000ec580000, 0x0000000100000000)
  eden space 22016K, 100% used [0x00000000eab00000,0x00000000ec080000,0x00000000ec080000)
  from space 1024K, 98% used [0x00000000ec400000,0x00000000ec4fc030,0x00000000ec500000)
  to   space 512K, 0% used [0x00000000ec500000,0x00000000ec500000,0x00000000ec580000)
 ParOldGen       total 68608K, used 14863K [0x00000000c0000000, 0x00000000c4300000, 0x00000000eab00000)
  object space 68608K, 21% used [0x00000000c0000000,0x00000000c0e83cc8,0x00000000c4300000)
 Metaspace       used 39139K, committed 39936K, reserved 1114112K
  class space    used 3944K, committed 4288K, reserved 1048576K
}
Event: 243.597 GC heap after
{Heap after GC invocations=16 (full 2):
 PSYoungGen      total 22528K, used 497K [0x00000000eab00000, 0x00000000ec780000, 0x0000000100000000)
  eden space 22016K, 0% used [0x00000000eab00000,0x00000000eab00000,0x00000000ec080000)
  from space 512K, 97% used [0x00000000ec500000,0x00000000ec57c420,0x00000000ec580000)
  to   space 3584K, 0% used [0x00000000ec080000,0x00000000ec080000,0x00000000ec400000)
 ParOldGen       total 68608K, used 17191K [0x00000000c0000000, 0x00000000c4300000, 0x00000000eab00000)
  object space 68608K, 25% used [0x00000000c0000000,0x00000000c10c9cf8,0x00000000c4300000)
 Metaspace       used 39139K, committed 39936K, reserved 1114112K
  class space    used 3944K, committed 4288K, reserved 1048576K
}
Event: 243.674 GC heap before
{Heap before GC invocations=17 (full 2):
 PSYoungGen      total 22528K, used 22513K [0x00000000eab00000, 0x00000000ec780000, 0x0000000100000000)
  eden space 22016K, 100% used [0x00000000eab00000,0x00000000ec080000,0x00000000ec080000)
  from space 512K, 97% used [0x00000000ec500000,0x00000000ec57c420,0x00000000ec580000)
  to   space 3584K, 0% used [0x00000000ec080000,0x00000000ec080000,0x00000000ec400000)
 ParOldGen       total 68608K, used 17191K [0x00000000c0000000, 0x00000000c4300000, 0x00000000eab00000)
  object space 68608K, 25% used [0x00000000c0000000,0x00000000c10c9cf8,0x00000000c4300000)
 Metaspace       used 39223K, committed 40000K, reserved 1114112K
  class space    used 3947K, committed 4288K, reserved 1048576K
}
Event: 243.679 GC heap after
{Heap after GC invocations=17 (full 2):
 PSYoungGen      total 24576K, used 2082K [0x00000000eab00000, 0x00000000ec580000, 0x0000000100000000)
  eden space 22016K, 0% used [0x00000000eab00000,0x00000000eab00000,0x00000000ec080000)
  from space 2560K, 81% used [0x00000000ec080000,0x00000000ec288800,0x00000000ec300000)
  to   space 2560K, 0% used [0x00000000ec300000,0x00000000ec300000,0x00000000ec580000)
 ParOldGen       total 68608K, used 17663K [0x00000000c0000000, 0x00000000c4300000, 0x00000000eab00000)
  object space 68608K, 25% used [0x00000000c0000000,0x00000000c113fd18,0x00000000c4300000)
 Metaspace       used 39223K, committed 40000K, reserved 1114112K
  class space    used 3947K, committed 4288K, reserved 1048576K
}
Event: 243.857 GC heap before
{Heap before GC invocations=18 (full 2):
 PSYoungGen      total 24576K, used 24098K [0x00000000eab00000, 0x00000000ec580000, 0x0000000100000000)
  eden space 22016K, 100% used [0x00000000eab00000,0x00000000ec080000,0x00000000ec080000)
  from space 2560K, 81% used [0x00000000ec080000,0x00000000ec288800,0x00000000ec300000)
  to   space 2560K, 0% used [0x00000000ec300000,0x00000000ec300000,0x00000000ec580000)
 ParOldGen       total 68608K, used 17663K [0x00000000c0000000, 0x00000000c4300000, 0x00000000eab00000)
  object space 68608K, 25% used [0x00000000c0000000,0x00000000c113fd18,0x00000000c4300000)
 Metaspace       used 40457K, committed 41280K, reserved 1114112K
  class space    used 4104K, committed 4480K, reserved 1048576K
}
Event: 243.863 GC heap after
{Heap after GC invocations=18 (full 2):
 PSYoungGen      total 24064K, used 1769K [0x00000000eab00000, 0x00000000ec500000, 0x0000000100000000)
  eden space 22016K, 0% used [0x00000000eab00000,0x00000000eab00000,0x00000000ec080000)
  from space 2048K, 86% used [0x00000000ec300000,0x00000000ec4ba788,0x00000000ec500000)
  to   space 2048K, 0% used [0x00000000ec100000,0x00000000ec100000,0x00000000ec300000)
 ParOldGen       total 68608K, used 19569K [0x00000000c0000000, 0x00000000c4300000, 0x00000000eab00000)
  object space 68608K, 28% used [0x00000000c0000000,0x00000000c131c518,0x00000000c4300000)
 Metaspace       used 40457K, committed 41280K, reserved 1114112K
  class space    used 4104K, committed 4480K, reserved 1048576K
}
Event: 244.183 GC heap before
{Heap before GC invocations=19 (full 2):
 PSYoungGen      total 24064K, used 23785K [0x00000000eab00000, 0x00000000ec500000, 0x0000000100000000)
  eden space 22016K, 100% used [0x00000000eab00000,0x00000000ec080000,0x00000000ec080000)
  from space 2048K, 86% used [0x00000000ec300000,0x00000000ec4ba788,0x00000000ec500000)
  to   space 2048K, 0% used [0x00000000ec100000,0x00000000ec100000,0x00000000ec300000)
 ParOldGen       total 68608K, used 19569K [0x00000000c0000000, 0x00000000c4300000, 0x00000000eab00000)
  object space 68608K, 28% used [0x00000000c0000000,0x00000000c131c518,0x00000000c4300000)
 Metaspace       used 41827K, committed 42624K, reserved 1114112K
  class space    used 4281K, committed 4672K, reserved 1048576K
}
Event: 244.185 GC heap after
{Heap after GC invocations=19 (full 2):
 PSYoungGen      total 22528K, used 448K [0x00000000eab00000, 0x00000000ec380000, 0x0000000100000000)
  eden space 22016K, 0% used [0x00000000eab00000,0x00000000eab00000,0x00000000ec080000)
  from space 512K, 87% used [0x00000000ec100000,0x00000000ec170000,0x00000000ec180000)
  to   space 1024K, 0% used [0x00000000ec280000,0x00000000ec280000,0x00000000ec380000)
 ParOldGen       total 68608K, used 21185K [0x00000000c0000000, 0x00000000c4300000, 0x00000000eab00000)
  object space 68608K, 30% used [0x00000000c0000000,0x00000000c14b0760,0x00000000c4300000)
 Metaspace       used 41827K, committed 42624K, reserved 1114112K
  class space    used 4281K, committed 4672K, reserved 1048576K
}
Event: 244.464 GC heap before
{Heap before GC invocations=20 (full 2):
 PSYoungGen      total 22528K, used 22464K [0x00000000eab00000, 0x00000000ec380000, 0x0000000100000000)
  eden space 22016K, 100% used [0x00000000eab00000,0x00000000ec080000,0x00000000ec080000)
  from space 512K, 87% used [0x00000000ec100000,0x00000000ec170000,0x00000000ec180000)
  to   space 1024K, 0% used [0x00000000ec280000,0x00000000ec280000,0x00000000ec380000)
 ParOldGen       total 68608K, used 21185K [0x00000000c0000000, 0x00000000c4300000, 0x00000000eab00000)
  object space 68608K, 30% used [0x00000000c0000000,0x00000000c14b0760,0x00000000c4300000)
 Metaspace       used 43433K, committed 44352K, reserved 1114112K
  class space    used 4421K, committed 4864K, reserved 1048576K
}
Event: 244.467 GC heap after
{Heap after GC invocations=20 (full 2):
 PSYoungGen      total 22016K, used 992K [0x00000000eab00000, 0x00000000ec680000, 0x0000000100000000)
  eden space 20992K, 0% used [0x00000000eab00000,0x00000000eab00000,0x00000000ebf80000)
  from space 1024K, 96% used [0x00000000ec280000,0x00000000ec378008,0x00000000ec380000)
  to   space 3072K, 0% used [0x00000000ebf80000,0x00000000ebf80000,0x00000000ec280000)
 ParOldGen       total 68608K, used 22711K [0x00000000c0000000, 0x00000000c4300000, 0x00000000eab00000)
  object space 68608K, 33% used [0x00000000c0000000,0x00000000c162dc70,0x00000000c4300000)
 Metaspace       used 43433K, committed 44352K, reserved 1114112K
  class space    used 4421K, committed 4864K, reserved 1048576K
}
Event: 244.851 GC heap before
{Heap before GC invocations=21 (full 2):
 PSYoungGen      total 22016K, used 21966K [0x00000000eab00000, 0x00000000ec680000, 0x0000000100000000)
  eden space 20992K, 99% used [0x00000000eab00000,0x00000000ebf7ba80,0x00000000ebf80000)
  from space 1024K, 96% used [0x00000000ec280000,0x00000000ec378008,0x00000000ec380000)
  to   space 3072K, 0% used [0x00000000ebf80000,0x00000000ebf80000,0x00000000ec280000)
 ParOldGen       total 68608K, used 22711K [0x00000000c0000000, 0x00000000c4300000, 0x00000000eab00000)
  object space 68608K, 33% used [0x00000000c0000000,0x00000000c162dc70,0x00000000c4300000)
 Metaspace       used 45187K, committed 46016K, reserved 1114112K
  class space    used 4576K, committed 4992K, reserved 1048576K
}
Event: 244.855 GC heap after
{Heap after GC invocations=21 (full 2):
 PSYoungGen      total 24064K, used 3061K [0x00000000eab00000, 0x00000000ec980000, 0x0000000100000000)
  eden space 20992K, 0% used [0x00000000eab00000,0x00000000eab00000,0x00000000ebf80000)
  from space 3072K, 99% used [0x00000000ebf80000,0x00000000ec27d6e8,0x00000000ec280000)
  to   space 5120K, 0% used [0x00000000ec480000,0x00000000ec480000,0x00000000ec980000)
 ParOldGen       total 68608K, used 23940K [0x00000000c0000000, 0x00000000c4300000, 0x00000000eab00000)
  object space 68608K, 34% used [0x00000000c0000000,0x00000000c1761330,0x00000000c4300000)
 Metaspace       used 45187K, committed 46016K, reserved 1114112K
  class space    used 4576K, committed 4992K, reserved 1048576K
}
Event: 244.911 GC heap before
{Heap before GC invocations=22 (full 2):
 PSYoungGen      total 24064K, used 24053K [0x00000000eab00000, 0x00000000ec980000, 0x0000000100000000)
  eden space 20992K, 100% used [0x00000000eab00000,0x00000000ebf80000,0x00000000ebf80000)
  from space 3072K, 99% used [0x00000000ebf80000,0x00000000ec27d6e8,0x00000000ec280000)
  to   space 5120K, 0% used [0x00000000ec480000,0x00000000ec480000,0x00000000ec980000)
 ParOldGen       total 68608K, used 23940K [0x00000000c0000000, 0x00000000c4300000, 0x00000000eab00000)
  object space 68608K, 34% used [0x00000000c0000000,0x00000000c1761330,0x00000000c4300000)
 Metaspace       used 46201K, committed 47040K, reserved 1114112K
  class space    used 4658K, committed 5056K, reserved 1048576K
}
Event: 244.914 GC heap after
{Heap after GC invocations=22 (full 2):
 PSYoungGen      total 23040K, used 1673K [0x00000000eab00000, 0x00000000ec680000, 0x0000000100000000)
  eden space 20992K, 0% used [0x00000000eab00000,0x00000000eab00000,0x00000000ebf80000)
  from space 2048K, 81% used [0x00000000ec480000,0x00000000ec622508,0x00000000ec680000)
  to   space 3072K, 0% used [0x00000000ec080000,0x00000000ec080000,0x00000000ec380000)
 ParOldGen       total 68608K, used 26038K [0x00000000c0000000, 0x00000000c4300000, 0x00000000eab00000)
  object space 68608K, 37% used [0x00000000c0000000,0x00000000c196db58,0x00000000c4300000)
 Metaspace       used 46201K, committed 47040K, reserved 1114112K
  class space    used 4658K, committed 5056K, reserved 1048576K
}
Event: 244.941 GC heap before
{Heap before GC invocations=23 (full 2):
 PSYoungGen      total 23040K, used 22665K [0x00000000eab00000, 0x00000000ec680000, 0x0000000100000000)
  eden space 20992K, 100% used [0x00000000eab00000,0x00000000ebf80000,0x00000000ebf80000)
  from space 2048K, 81% used [0x00000000ec480000,0x00000000ec622508,0x00000000ec680000)
  to   space 3072K, 0% used [0x00000000ec080000,0x00000000ec080000,0x00000000ec380000)
 ParOldGen       total 68608K, used 26038K [0x00000000c0000000, 0x00000000c4300000, 0x00000000eab00000)
  object space 68608K, 37% used [0x00000000c0000000,0x00000000c196db58,0x00000000c4300000)
 Metaspace       used 46209K, committed 47040K, reserved 1114112K
  class space    used 4658K, committed 5056K, reserved 1048576K
}
Event: 244.943 GC heap after
{Heap after GC invocations=23 (full 2):
 PSYoungGen      total 22528K, used 1321K [0x00000000eab00000, 0x00000000ec500000, 0x0000000100000000)
  eden space 20992K, 0% used [0x00000000eab00000,0x00000000eab00000,0x00000000ebf80000)
  from space 1536K, 86% used [0x00000000ec080000,0x00000000ec1ca4c8,0x00000000ec200000)
  to   space 2048K, 0% used [0x00000000ec300000,0x00000000ec300000,0x00000000ec500000)
 ParOldGen       total 68608K, used 26652K [0x00000000c0000000, 0x00000000c4300000, 0x00000000eab00000)
  object space 68608K, 38% used [0x00000000c0000000,0x00000000c1a07138,0x00000000c4300000)
 Metaspace       used 46209K, committed 47040K, reserved 1114112K
  class space    used 4658K, committed 5056K, reserved 1048576K
}
Event: 244.977 GC heap before
{Heap before GC invocations=24 (full 2):
 PSYoungGen      total 22528K, used 22313K [0x00000000eab00000, 0x00000000ec500000, 0x0000000100000000)
  eden space 20992K, 100% used [0x00000000eab00000,0x00000000ebf80000,0x00000000ebf80000)
  from space 1536K, 86% used [0x00000000ec080000,0x00000000ec1ca4c8,0x00000000ec200000)
  to   space 2048K, 0% used [0x00000000ec300000,0x00000000ec300000,0x00000000ec500000)
 ParOldGen       total 68608K, used 26652K [0x00000000c0000000, 0x00000000c4300000, 0x00000000eab00000)
  object space 68608K, 38% used [0x00000000c0000000,0x00000000c1a07138,0x00000000c4300000)
 Metaspace       used 46782K, committed 47616K, reserved 1114112K
  class space    used 4711K, committed 5120K, reserved 1048576K
}
Event: 244.979 GC heap after
{Heap after GC invocations=24 (full 2):
 PSYoungGen      total 23040K, used 1632K [0x00000000eab00000, 0x00000000ec500000, 0x0000000100000000)
  eden space 20992K, 0% used [0x00000000eab00000,0x00000000eab00000,0x00000000ebf80000)
  from space 2048K, 79% used [0x00000000ec300000,0x00000000ec498000,0x00000000ec500000)
  to   space 2048K, 0% used [0x00000000ec100000,0x00000000ec100000,0x00000000ec300000)
 ParOldGen       total 68608K, used 27280K [0x00000000c0000000, 0x00000000c4300000, 0x00000000eab00000)
  object space 68608K, 39% used [0x00000000c0000000,0x00000000c1aa4238,0x00000000c4300000)
 Metaspace       used 46782K, committed 47616K, reserved 1114112K
  class space    used 4711K, committed 5120K, reserved 1048576K
}
Event: 245.028 GC heap before
{Heap before GC invocations=25 (full 2):
 PSYoungGen      total 23040K, used 22624K [0x00000000eab00000, 0x00000000ec500000, 0x0000000100000000)
  eden space 20992K, 100% used [0x00000000eab00000,0x00000000ebf80000,0x00000000ebf80000)
  from space 2048K, 79% used [0x00000000ec300000,0x00000000ec498000,0x00000000ec500000)
  to   space 2048K, 0% used [0x00000000ec100000,0x00000000ec100000,0x00000000ec300000)
 ParOldGen       total 68608K, used 27280K [0x00000000c0000000, 0x00000000c4300000, 0x00000000eab00000)
  object space 68608K, 39% used [0x00000000c0000000,0x00000000c1aa4238,0x00000000c4300000)
 Metaspace       used 47225K, committed 48064K, reserved 1114112K
  class space    used 4753K, committed 5184K, reserved 1048576K
}
Event: 245.032 GC heap after
{Heap after GC invocations=25 (full 2):
 PSYoungGen      total 23040K, used 2020K [0x00000000eab00000, 0x00000000ec880000, 0x0000000100000000)
  eden space 20992K, 0% used [0x00000000eab00000,0x00000000eab00000,0x00000000ebf80000)
  from space 2048K, 98% used [0x00000000ec100000,0x00000000ec2f9000,0x00000000ec300000)
  to   space 4608K, 0% used [0x00000000ec400000,0x00000000ec400000,0x00000000ec880000)
 ParOldGen       total 68608K, used 28992K [0x00000000c0000000, 0x00000000c4300000, 0x00000000eab00000)
  object space 68608K, 42% used [0x00000000c0000000,0x00000000c1c50238,0x00000000c4300000)
 Metaspace       used 47225K, committed 48064K, reserved 1114112K
  class space    used 4753K, committed 5184K, reserved 1048576K
}

